 
****************************************
Report : timing
        -path full
        -delay max
        -max_paths 1
Design : cpu
Version: O-2018.06-SP1
Date   : Sat Jun 19 17:47:32 2021
****************************************

Operating Conditions: ss_v0p81_125c   Library: scc28nhkcp_hsc35p140_rvt_ss_v0p81_125c_basic
Wire Load Model Mode: top

  Startpoint: reset (input port clocked by clk)
  Endpoint: m_register/opc_iraddr_reg[8]
            (rising edge-triggered flip-flop clocked by clk')
  Path Group: clk
  Path Type: max

  Point                                                   Incr       Path
  --------------------------------------------------------------------------
  clock clk (rise edge)                                   0.00       0.00
  clock network delay (ideal)                             0.00       0.00
  input external delay                                    1.50       1.50 r
  reset (in)                                              0.00       1.50 r
  U1/ZN (INV0_140P9T35R)                                  0.01       1.51 f
  U2/ZN (INV0_140P9T35R)                                  0.04       1.54 r
  m_register/rst (register)                               0.00       1.54 r
  m_register/U32/ZN (NAND2XBV1_140P9T35R)                 0.05       1.59 r
  m_register/U15/ZN (NOR2CV2_140P9T35R)                   0.02       1.60 f
  m_register/U14/ZN (NOR2CV2_140P9T35R)                   0.06       1.66 r
  m_register/U12/Z (OR2V1RD_140P9T35R)                    0.05       1.72 r
  m_register/U24/ZN (OAI2BB2V0_140P9T35R)                 0.02       1.74 f
  m_register/opc_iraddr_reg[8]/D (DQV0_140P9T35R)         0.00       1.74 f
  data arrival time                                                  1.74

  clock clk' (rise edge)                                  2.50       2.50
  clock network delay (ideal)                             0.00       2.50
  clock uncertainty                                      -0.25       2.25
  m_register/opc_iraddr_reg[8]/CK (DQV0_140P9T35R)        0.00       2.25 r
  library setup time                                     -0.02       2.23
  data required time                                                 2.23
  --------------------------------------------------------------------------
  data required time                                                 2.23
  data arrival time                                                 -1.74
  --------------------------------------------------------------------------
  slack (MET)                                                        0.49


1
